<html>
<body>
<pre>
<h1>Vision Build Log</h1>
<h2>Tool Versions:</h2>
IDE-Version: μVision V5.24.2.0
Copyright (C) 2017 ARM Ltd and ARM Germany GmbH. All rights reserved.
License Information: zilin liu, nclg, LIC=WH7DL-0DTX4-USXYZ-J6Q71-I9FMD-CTGKZ
 
Tool Versions:
Toolchain:       PK51 Prof. Developers Kit  Version: 9.54
Toolchain Path:  C:\Program Files (x86)\keil51\C51\BIN
C Compiler:      C51.exe V9.54
Assembler:       A51.exe V8.02c
Linker/Locator:  BL51.exe V6.22
Library Manager: LIB51.exe V4.30.1.0
Hex Converter:   OH51.exe V2.7.0.0
CPU DLL:         S8051.DLL V3.100.0.0
Dialog DLL:      DP51.DLL V2.62.0.1 
<h2>Project:</h2>
C:\Study\51单片机\项目\1-3_3矩阵按键\矩阵按键.uvproj
Project File Date:  05/05/2023

<h2>Output:</h2>
Build target 'Target 1'
compiling main.c...
main.c(20): warning C275: expression with possibly no effect
main.c(20): error C141: syntax error near '='
main.c(21): error C141: syntax error near ';'
main.c(21): error C141: syntax error near '!='
main.c(21): error C141: syntax error near ')'
main.c(24): error C141: syntax error near ';'
main.c(24): error C141: syntax error near ')'
main.c(26): error C172: 'case': missing enclosing switch
main.c(27): error C171: 'break': missing enclosing loop
main.c(28): error C172: 'case': missing enclosing switch
main.c(29): error C171: 'break': missing enclosing loop
main.c(30): error C172: 'case': missing enclosing switch
main.c(31): error C171: 'break': missing enclosing loop
main.c(32): error C172: 'case': missing enclosing switch
main.c(33): error C171: 'break': missing enclosing loop
main.c(38): error C141: syntax error near ';'
main.c(38): error C141: syntax error near '!='
main.c(38): error C141: syntax error near ')'
main.c(40): error C141: syntax error near '='
main.c(41): error C141: syntax error near ';'
main.c(41): error C141: syntax error near '!='
main.c(41): error C141: syntax error near ')'
main.c(44): error C141: syntax error near ';'
main.c(44): error C141: syntax error near ')'
main.c(46): error C172: 'case': missing enclosing switch
main.c(47): error C171: 'break': missing enclosing loop
main.c(48): error C172: 'case': missing enclosing switch
main.c(49): error C171: 'break': missing enclosing loop
main.c(50): error C172: 'case': missing enclosing switch
main.c(51): error C171: 'break': missing enclosing loop
main.c(52): error C172: 'case': missing enclosing switch
main.c(53): error C171: 'break': missing enclosing loop
main.c(58): error C141: syntax error near ';'
main.c(58): error C141: syntax error near '!='
main.c(58): error C141: syntax error near ')'
main.c(60): error C141: syntax error near '='
main.c(61): error C141: syntax error near ';'
main.c(61): error C141: syntax error near '!='
main.c(61): error C141: syntax error near ')'
main.c(64): error C141: syntax error near ';'
main.c(64): error C141: syntax error near ')'
main.c(66): error C172: 'case': missing enclosing switch
main.c(67): error C171: 'break': missing enclosing loop
main.c(68): error C172: 'case': missing enclosing switch
main.c(69): error C171: 'break': missing enclosing loop
main.c(70): error C172: 'case': missing enclosing switch
main.c(71): error C171: 'break': missing enclosing loop
main.c(72): error C172: 'case': missing enclosing switch
main.c(73): error C171: 'break': missing enclosing loop
main.c(78): error C141: syntax error near ';'
main.c(78): error C141: syntax error near '!='
main.c(78): error C141: syntax error near ')'
main.c(80): error C141: syntax error near '='
main.c(81): error C141: syntax error near ';'
main.c(81): error C141: syntax error near '!='
main.c(81): error C141: syntax error near ')'
main.c(84): error C141: syntax error near ';'
main.c(84): error C141: syntax error near ')'
main.c(86): error C172: 'case': missing enclosing switch
main.c(86): error C171: 'break': missing enclosing loop
main.c(88): error C172: 'case': missing enclosing switch
main.c(88): error C171: 'break': missing enclosing loop
main.c(90): error C172: 'case': missing enclosing switch
main.c(90): error C171: 'break': missing enclosing loop
main.c(92): error C172: 'case': missing enclosing switch
main.c(92): error C171: 'break': missing enclosing loop
main.c(96): error C141: syntax error near ';'
main.c(96): error C141: syntax error near '!='
main.c(96): error C141: syntax error near ')'
main.c(109): error C141: syntax error near '='
main.c(284): error C141: syntax error near ''
Target not created.
Build Time Elapsed:  00:00:00
</pre>
</body>
</html>
